<?xml version="1.0" encoding="UTF-8"?>
<testsuite xmlns:xsi="http://www.w3.org/2001/XMLSchema-instance" xsi:noNamespaceSchemaLocation="https://maven.apache.org/surefire/maven-surefire-plugin/xsd/surefire-test-report.xsd" name="com.tecsofec.junit5app.ejemplos.model.CuentaTest" time="7.609" tests="67" errors="0" skipped="7" failures="3">
  <properties>
[...]
</properties>
  <testcase name="testCreditoCuenta" classname="com.tecsofec.junit5app.ejemplos.model.CuentaTest" time="0.028"/>
  <testcase name="testSaldoCuentaDev" classname="com.tecsofec.junit5app.ejemplos.model.CuentaTest" time="0">
    <skipped message="Assumption failed: assumption is not true" type="org.opentest4j.TestAbortedException">org.opentest4j.TestAbortedException: Assumption failed: assumption is not true
	at com.tecsofec.junit5app.ejemplos.model.CuentaTest.testSaldoCuentaDev(CuentaTest.java:329)
</skipped>
    <system-out><![CDATA[iniciando el método
Ejecutando: Test saldo cuenta Dev testSaldoCuentaDevcon las etiquetas []
Finalizando el método de prueba.
]]></system-out>
  </testcase>
  <testcase name="testDebitoCuenta" classname="com.tecsofec.junit5app.ejemplos.model.CuentaTest" time="0.001"/>
  <testcase name="testTransferirDineroCuentas" classname="com.tecsofec.junit5app.ejemplos.model.CuentaTest" time="0.001"/>
  <testcase name="testSaldoCuenta" classname="com.tecsofec.junit5app.ejemplos.model.CuentaTest" time="0.003"/>
  <testcase name="testSaldoCuentaDev2" classname="com.tecsofec.junit5app.ejemplos.model.CuentaTest" time="0.001"/>
  <testcase name="testRelacionBancoCuentas" classname="com.tecsofec.junit5app.ejemplos.model.CuentaTest" time="0.004"/>
  <testcase name="testReferenciaCuenta" classname="com.tecsofec.junit5app.ejemplos.model.CuentaTest" time="0.001"/>
  <testcase name="testDebitoCuentaMethodSource{String}[1]" classname="com.tecsofec.junit5app.ejemplos.model.CuentaTest" time="0.021"/>
  <testcase name="testDebitoCuentaMethodSource{String}[2]" classname="com.tecsofec.junit5app.ejemplos.model.CuentaTest" time="0.003"/>
  <testcase name="testDebitoCuentaMethodSource{String}[3]" classname="com.tecsofec.junit5app.ejemplos.model.CuentaTest" time="0.011"/>
  <testcase name="testDebitoCuentaMethodSource{String}[4]" classname="com.tecsofec.junit5app.ejemplos.model.CuentaTest" time="0.002"/>
  <testcase name="testDebitoCuentaMethodSource{String}[5]" classname="com.tecsofec.junit5app.ejemplos.model.CuentaTest" time="0.012"/>
  <testcase name="testDebitoCuentaMethodSource{String}[6]" classname="com.tecsofec.junit5app.ejemplos.model.CuentaTest" time="0.001"/>
  <testcase name="testDebitoCuentaRepetir{RepetitionInfo}[1]" classname="com.tecsofec.junit5app.ejemplos.model.CuentaTest" time="0.004"/>
  <testcase name="testDebitoCuentaRepetir{RepetitionInfo}[2]" classname="com.tecsofec.junit5app.ejemplos.model.CuentaTest" time="0.009"/>
  <testcase name="testDebitoCuentaRepetir{RepetitionInfo}[3]" classname="com.tecsofec.junit5app.ejemplos.model.CuentaTest" time="0.003"/>
  <testcase name="testDebitoCuentaRepetir{RepetitionInfo}[4]" classname="com.tecsofec.junit5app.ejemplos.model.CuentaTest" time="0.014"/>
  <testcase name="testDebitoCuentaRepetir{RepetitionInfo}[5]" classname="com.tecsofec.junit5app.ejemplos.model.CuentaTest" time="0.003"/>
  <testcase name="testDineroInsuficienteException" classname="com.tecsofec.junit5app.ejemplos.model.CuentaTest" time="0.012"/>
  <testcase name="testNombreCuenta" classname="com.tecsofec.junit5app.ejemplos.model.CuentaTest" time="0.013"/>
  <testcase name="pruebaTimeout2" classname="com.tecsofec.junit5app.ejemplos.model.CuentaTest$EjemploTimeOutTest" time="0.9"/>
  <testcase name="testTimeoutAssertions" classname="com.tecsofec.junit5app.ejemplos.model.CuentaTest$EjemploTimeOutTest" time="5.015">
    <failure message="execution exceeded timeout of 5000 ms by 3 ms" type="org.opentest4j.AssertionFailedError">org.opentest4j.AssertionFailedError: execution exceeded timeout of 5000 ms by 3 ms
	at com.tecsofec.junit5app.ejemplos.model.CuentaTest$EjemploTimeOutTest.testTimeoutAssertions(CuentaTest.java:473)
</failure>
    <system-out><![CDATA[iniciando el método
Ejecutando: testTimeoutAssertions() testTimeoutAssertionscon las etiquetas [timeout]
Finalizando el método de prueba.
]]></system-out>
  </testcase>
  <testcase name="pruebaTimeout" classname="com.tecsofec.junit5app.ejemplos.model.CuentaTest$EjemploTimeOutTest" time="1.02"/>
  <testcase name="testDebitoCuentaCsvSource2{String, String, String, String}[1]" classname="com.tecsofec.junit5app.ejemplos.model.CuentaTest$PruebasParametrizadastest" time="0.011">
    <failure message="expected: &lt;Ever&gt; but was: &lt;Juan&gt;" type="org.opentest4j.AssertionFailedError"><![CDATA[org.opentest4j.AssertionFailedError: expected: <Ever> but was: <Juan>
	at com.tecsofec.junit5app.ejemplos.model.CuentaTest$PruebasParametrizadastest.testDebitoCuentaCsvSource2(CuentaTest.java:432)
]]></failure>
    <system-out><![CDATA[iniciando el método
Ejecutando: Numero 1 ejecutando con valor 200 - 200, 100, Ever, Juan testDebitoCuentaCsvSource2con las etiquetas [param]
200 -> 100
Finalizando el método de prueba.
]]></system-out>
  </testcase>
  <testcase name="testDebitoCuentaCsvSource2{String, String, String, String}[2]" classname="com.tecsofec.junit5app.ejemplos.model.CuentaTest$PruebasParametrizadastest" time="0.002"/>
  <testcase name="testDebitoCuentaCsvSource2{String, String, String, String}[3]" classname="com.tecsofec.junit5app.ejemplos.model.CuentaTest$PruebasParametrizadastest" time="0.002"/>
  <testcase name="testDebitoCuentaCsvSource2{String, String, String, String}[4]" classname="com.tecsofec.junit5app.ejemplos.model.CuentaTest$PruebasParametrizadastest" time="0.003"/>
  <testcase name="testDebitoCuentaCsvSource2{String, String, String, String}[5]" classname="com.tecsofec.junit5app.ejemplos.model.CuentaTest$PruebasParametrizadastest" time="0.005"/>
  <testcase name="testDebitoCuentaCsvSource2{String, String, String, String}[6]" classname="com.tecsofec.junit5app.ejemplos.model.CuentaTest$PruebasParametrizadastest" time="0.013"/>
  <testcase name="testDebitoCuentaCsvSource{String, String}[1]" classname="com.tecsofec.junit5app.ejemplos.model.CuentaTest$PruebasParametrizadastest" time="0.005"/>
  <testcase name="testDebitoCuentaCsvSource{String, String}[2]" classname="com.tecsofec.junit5app.ejemplos.model.CuentaTest$PruebasParametrizadastest" time="0.002"/>
  <testcase name="testDebitoCuentaCsvSource{String, String}[3]" classname="com.tecsofec.junit5app.ejemplos.model.CuentaTest$PruebasParametrizadastest" time="0.004"/>
  <testcase name="testDebitoCuentaCsvSource{String, String}[4]" classname="com.tecsofec.junit5app.ejemplos.model.CuentaTest$PruebasParametrizadastest" time="0.003"/>
  <testcase name="testDebitoCuentaCsvSource{String, String}[5]" classname="com.tecsofec.junit5app.ejemplos.model.CuentaTest$PruebasParametrizadastest" time="0.012"/>
  <testcase name="testDebitoCuentaCsvSource{String, String}[6]" classname="com.tecsofec.junit5app.ejemplos.model.CuentaTest$PruebasParametrizadastest" time="0.015"/>
  <testcase name="testDebitoCuentaCsvFileSource{String}[1]" classname="com.tecsofec.junit5app.ejemplos.model.CuentaTest$PruebasParametrizadastest" time="0.009"/>
  <testcase name="testDebitoCuentaCsvFileSource{String}[2]" classname="com.tecsofec.junit5app.ejemplos.model.CuentaTest$PruebasParametrizadastest" time="0.012"/>
  <testcase name="testDebitoCuentaCsvFileSource{String}[3]" classname="com.tecsofec.junit5app.ejemplos.model.CuentaTest$PruebasParametrizadastest" time="0.005"/>
  <testcase name="testDebitoCuentaCsvFileSource{String}[4]" classname="com.tecsofec.junit5app.ejemplos.model.CuentaTest$PruebasParametrizadastest" time="0.002"/>
  <testcase name="testDebitoCuentaCsvFileSource{String}[5]" classname="com.tecsofec.junit5app.ejemplos.model.CuentaTest$PruebasParametrizadastest" time="0.002"/>
  <testcase name="testDebitoCuentaCsvFileSource{String}[6]" classname="com.tecsofec.junit5app.ejemplos.model.CuentaTest$PruebasParametrizadastest" time="0.002"/>
  <testcase name="testDebitoCuentaCsvFileSource{String}[7]" classname="com.tecsofec.junit5app.ejemplos.model.CuentaTest$PruebasParametrizadastest" time="0.011"/>
  <testcase name="testDebitoCuenta1{String}[1]" classname="com.tecsofec.junit5app.ejemplos.model.CuentaTest$PruebasParametrizadastest" time="0.003"/>
  <testcase name="testDebitoCuenta1{String}[2]" classname="com.tecsofec.junit5app.ejemplos.model.CuentaTest$PruebasParametrizadastest" time="0.003"/>
  <testcase name="testDebitoCuenta1{String}[3]" classname="com.tecsofec.junit5app.ejemplos.model.CuentaTest$PruebasParametrizadastest" time="0.002"/>
  <testcase name="testDebitoCuenta1{String}[4]" classname="com.tecsofec.junit5app.ejemplos.model.CuentaTest$PruebasParametrizadastest" time="0.002"/>
  <testcase name="testDebitoCuenta1{String}[5]" classname="com.tecsofec.junit5app.ejemplos.model.CuentaTest$PruebasParametrizadastest" time="0.002"/>
  <testcase name="testDebitoCuenta1{String}[6]" classname="com.tecsofec.junit5app.ejemplos.model.CuentaTest$PruebasParametrizadastest" time="0.017"/>
  <testcase name="testDebitoCuentaCsvFileSource2{String, String, String, String}[1]" classname="com.tecsofec.junit5app.ejemplos.model.CuentaTest$PruebasParametrizadastest" time="0.002">
    <failure message="expected: &lt;Ever&gt; but was: &lt;pedro&gt;" type="org.opentest4j.AssertionFailedError"><![CDATA[org.opentest4j.AssertionFailedError: expected: <Ever> but was: <pedro>
	at com.tecsofec.junit5app.ejemplos.model.CuentaTest$PruebasParametrizadastest.testDebitoCuentaCsvFileSource2(CuentaTest.java:449)
]]></failure>
    <system-out><![CDATA[iniciando el método
Ejecutando: Numero 1 ejecutando con valor 200 - 200, 100, Ever, pedro testDebitoCuentaCsvFileSource2con las etiquetas [param]
Finalizando el método de prueba.
]]></system-out>
  </testcase>
  <testcase name="testDebitoCuentaCsvFileSource2{String, String, String, String}[2]" classname="com.tecsofec.junit5app.ejemplos.model.CuentaTest$PruebasParametrizadastest" time="0.003"/>
  <testcase name="testDebitoCuentaCsvFileSource2{String, String, String, String}[3]" classname="com.tecsofec.junit5app.ejemplos.model.CuentaTest$PruebasParametrizadastest" time="0.004"/>
  <testcase name="testDebitoCuentaCsvFileSource2{String, String, String, String}[4]" classname="com.tecsofec.junit5app.ejemplos.model.CuentaTest$PruebasParametrizadastest" time="0.008"/>
  <testcase name="testDebitoCuentaCsvFileSource2{String, String, String, String}[5]" classname="com.tecsofec.junit5app.ejemplos.model.CuentaTest$PruebasParametrizadastest" time="0.01"/>
  <testcase name="testDebitoCuentaCsvFileSource2{String, String, String, String}[6]" classname="com.tecsofec.junit5app.ejemplos.model.CuentaTest$PruebasParametrizadastest" time="0.005"/>
  <testcase name="testDev" classname="com.tecsofec.junit5app.ejemplos.model.CuentaTest$SistemPropertiesTest" time="0">
    <skipped message="System property [ENV] does not exist"/>
  </testcase>
  <testcase name="testNo64" classname="com.tecsofec.junit5app.ejemplos.model.CuentaTest$SistemPropertiesTest" time="0">
    <skipped message="System property [os.arch] with value [amd64] does not match regular expression [.*32.*]"/>
  </testcase>
  <testcase name="testUsername" classname="com.tecsofec.junit5app.ejemplos.model.CuentaTest$SistemPropertiesTest" time="0">
    <skipped message="System property [user.name] with value [122790] does not match regular expression [1227901]"/>
  </testcase>
  <testcase name="testJavaVersion" classname="com.tecsofec.junit5app.ejemplos.model.CuentaTest$SistemPropertiesTest" time="0">
    <skipped message="System property [java.version] with value [1.8.0_202] does not match regular expression [.*15.*]"/>
  </testcase>
  <testcase name="imprimirSystemProperties" classname="com.tecsofec.junit5app.ejemplos.model.CuentaTest$SistemPropertiesTest" time="0.157"/>
  <testcase name="testSolo64" classname="com.tecsofec.junit5app.ejemplos.model.CuentaTest$SistemPropertiesTest" time="0.001"/>
  <testcase name="soloJdk15" classname="com.tecsofec.junit5app.ejemplos.model.CuentaTest$JavaVersionTest" time="0">
    <skipped message="Disabled on JRE version: 1.8.0_202"/>
  </testcase>
  <testcase name="soloJdk8" classname="com.tecsofec.junit5app.ejemplos.model.CuentaTest$JavaVersionTest" time="0.002"/>
  <testcase name="testNoJdk15" classname="com.tecsofec.junit5app.ejemplos.model.CuentaTest$JavaVersionTest" time="0.013"/>
  <testcase name="testNoWindows" classname="com.tecsofec.junit5app.ejemplos.model.CuentaTest$SistemaOperativo" time="0">
    <skipped message="Disabled on operating system: Windows 10"/>
  </testcase>
  <testcase name="testSoloLinuxMac" classname="com.tecsofec.junit5app.ejemplos.model.CuentaTest$SistemaOperativo" time="0.005"/>
  <testcase name="testWindows" classname="com.tecsofec.junit5app.ejemplos.model.CuentaTest$SistemaOperativo" time="0.003"/>
</testsuite>